#-----------------------------------------------------------
# Vivado v2018.3 (64-bit)
# SW Build 2405991 on Thu Dec  6 23:38:27 MST 2018
# IP Build 2404404 on Fri Dec  7 01:43:56 MST 2018
# Start of session at: Wed May 31 10:44:02 2023
# Process ID: 24976
# Current directory: C:/Users/Ral/Pictures/Ralu/1POLi/Semestrul 2/DSD/Projects/Flappy_Bird_VGA
# Command line: vivado.exe -gui_launcher_event rodinguilauncherevent21204 C:\Users\Ral\Pictures\Ralu\1POLi\Semestrul 2\DSD\Projects\Flappy_Bird_VGA\Flappy_Bird_VGA.xpr
# Log file: C:/Users/Ral/Pictures/Ralu/1POLi/Semestrul 2/DSD/Projects/Flappy_Bird_VGA/vivado.log
# Journal file: C:/Users/Ral/Pictures/Ralu/1POLi/Semestrul 2/DSD/Projects/Flappy_Bird_VGA\vivado.jou
#-----------------------------------------------------------
start_gui
open_project {C:/Users/Ral/Pictures/Ralu/1POLi/Semestrul 2/DSD/Projects/Flappy_Bird_VGA/Flappy_Bird_VGA.xpr}
Scanning sources...
Finished scanning sources
INFO: [IP_Flow 19-234] Refreshing IP repositories
INFO: [IP_Flow 19-1704] No user IP repositories specified
INFO: [IP_Flow 19-2313] Loaded Vivado IP repository 'C:/Xilinx/Vivado/2018.3/data/ip'.
open_project: Time (s): cpu = 00:00:34 ; elapsed = 00:00:22 . Memory (MB): peak = 743.227 ; gain = 175.105
update_compile_order -fileset sources_1
